This is TeX, Version 3.141592 (MiKTeX 2.5) (preloaded format=tex 2007.8.20)  2 MAY 2008 15:48
**weave.tex
(weave.tex ("D:\Program Files\MiKTeX 2.5\tex\plain\base\webmac.tex"
\bak=\box16
\bakk=\box17
\ind=\count26
\pagewidth=\dimen16
\pageheight=\dimen17
\fullpageheight=\dimen18
\pageshift=\dimen19
\cont=\write0
\sbox=\box18
\lbox=\box19
) *1
[16] [17] [18] *11 [19] [20] [21] [22] *19 [23] [24] *29 [25] [26] *36 [27]
[28] [29] [30] [31] *55 [32] [33] *63 [34] [35] *65 [36] [37] *70 [38] [39]
[40] [41] [42] [43] [44] [45] [46] *93 [47] [48] [49] [50] [51] [52] *108
[53] [54] [55] [56] *121 [57] [58] [59] [60] *132 [61] [62] [63] *139 [64]
[65] [66] [67] [68] [69] [70] *144 [71] [72] [73] [74] [75] [76] [77] [78]
[79] [80] [81] [82] [83] [84] *183 [85] [86] [87] [88] [89] [90] [91] *200
[92] [93] [94] [95] [96] [97] [98] *218 [99] [100] [101] [102] [103] [104]
[105] *239 [106] [107] [108] [109] [110] *258 [111] [112] *261 [113] *264
[114] *265 Index: [115] [116] [117] [118] [119] [120] [121] Section names:
[122] [123] [124] Table of contents: (CONTENTS.tex) [15] )
Output written on weave.dvi (110 pages, 486344 bytes).
